<?xml version="1.0" encoding="UTF-8"?>
<!-- Generated by org.testng.reporters.JUnitXMLReporter -->
<testsuite ignored="21" hostname="DESKTOP-NKJKBHC" failures="0" tests="1" name="Default test" time="2.324" errors="0" timestamp="2023-08-17T04:36:17 TRT">
  <testcase classname="Baskettest" name="basketTest_AddProductToBasket_ReturnsStatusCode201AndProduct" time="2.269"/>
  <testcase classname="Baskettest" name="taxCalculate_ElectronicProductTaxCalculate_IsEquals" time="0.0">
    <ignored/>
  </testcase> <!-- taxCalculate_ElectronicProductTaxCalculate_IsEquals -->
  <testcase classname="Baskettest" name="basketTest_AddingOutOfStockProductToBasket_ReturnsStatusCode400" time="0.0">
    <ignored/>
  </testcase> <!-- basketTest_AddingOutOfStockProductToBasket_ReturnsStatusCode400 -->
  <testcase classname="Baskettest" name="findProducts_SearchProductWitdIdOfNonExist_ReturnsStatusCode404NotFound" time="0.0">
    <ignored/>
  </testcase> <!-- findProducts_SearchProductWitdIdOfNonExist_ReturnsStatusCode404NotFound -->
  <testcase classname="Baskettest" name="basketTest_Gdtd_IsEquals" time="0.0">
    <ignored/>
  </testcase> <!-- basketTest_Gdtd_IsEquals -->
  <testcase classname="Baskettest" name="findProducts_AllProduct_ReturnsStatusCode200AndProduct" time="0.0">
    <ignored/>
  </testcase> <!-- findProducts_AllProduct_ReturnsStatusCode200AndProduct -->
  <testcase classname="Baskettest" name="findProducts_SearchProductWithId_ReturnsStatusCode200AndProduct" time="0.0">
    <ignored/>
  </testcase> <!-- findProducts_SearchProductWithId_ReturnsStatusCode200AndProduct -->
  <testcase classname="Baskettest" name="basketTest_DecreasesStockWhenAddingProductToBasket_IsEquals" time="0.0">
    <ignored/>
  </testcase> <!-- basketTest_DecreasesStockWhenAddingProductToBasket_IsEquals -->
  <testcase classname="Baskettest" name="taxCalculate_FashionProductTaxCalculate_IsEquals" time="0.0">
    <ignored/>
  </testcase> <!-- taxCalculate_FashionProductTaxCalculate_IsEquals -->
  <testcase classname="Baskettest" name="basketTest_NoFreeCargoPricingTestInBasket_IsEquals" time="0.0">
    <ignored/>
  </testcase> <!-- basketTest_NoFreeCargoPricingTestInBasket_IsEquals -->
  <testcase classname="Baskettest" name="basketTest_CheckAfterDeletingTheProduct_ReturnsStatusCode404" time="0.0">
    <ignored/>
  </testcase> <!-- basketTest_CheckAfterDeletingTheProduct_ReturnsStatusCode404 -->
  <testcase classname="Baskettest" name="basketTest_GetFavoritesOfUser_IsEquals" time="0.0">
    <ignored/>
  </testcase> <!-- basketTest_GetFavoritesOfUser_IsEquals -->
  <testcase classname="Baskettest" name="taxCalculate_ProductTaxCalculate_IsEquals" time="0.0">
    <ignored/>
  </testcase> <!-- taxCalculate_ProductTaxCalculate_IsEquals -->
  <testcase classname="Baskettest" name="basketTest_GetBasketOfAUser_ReturnsStatusCode200AndProduct" time="0.0">
    <ignored/>
  </testcase> <!-- basketTest_GetBasketOfAUser_ReturnsStatusCode200AndProduct -->
  <testcase classname="Baskettest" name="findProducts_SearchProductsOfNonExist_ReturnsStatusCode200AndEmpty" time="0.0">
    <ignored/>
  </testcase> <!-- findProducts_SearchProductsOfNonExist_ReturnsStatusCode200AndEmpty -->
  <testcase classname="Baskettest" name="basketTest_CheckProductPricesAndTotalBasketPrice_IsEquals" time="0.0">
    <ignored/>
  </testcase> <!-- basketTest_CheckProductPricesAndTotalBasketPrice_IsEquals -->
  <testcase classname="Baskettest" name="basketTest_FreeCargoPricingTestInBasket_IsEquals" time="0.0">
    <ignored/>
  </testcase> <!-- basketTest_FreeCargoPricingTestInBasket_IsEquals -->
  <testcase classname="Baskettest" name="basketTest_AddFavoritesProductOfUser_IsEquals" time="0.0">
    <ignored/>
  </testcase> <!-- basketTest_AddFavoritesProductOfUser_IsEquals -->
  <testcase classname="Baskettest" name="findProducts_SearchProductsWithSearchParam_ReturnsStatusCode200AndProducts" time="0.0">
    <ignored/>
  </testcase> <!-- findProducts_SearchProductsWithSearchParam_ReturnsStatusCode200AndProducts -->
  <testcase classname="Baskettest" name="basketTest_DeleteAProductInAUserBasket_ReturnsStatusCode204AndProds" time="0.0">
    <ignored/>
  </testcase> <!-- basketTest_DeleteAProductInAUserBasket_ReturnsStatusCode204AndProds -->
  <testcase classname="Baskettest" name="basketTest_GetNotifiedWhenProductPriceUpdateInBasket_IsEquals" time="0.0">
    <ignored/>
  </testcase> <!-- basketTest_GetNotifiedWhenProductPriceUpdateInBasket_IsEquals -->
  <testcase classname="Baskettest" name="basketTest_DeleteFavoritesProductOfUser_IsEquals" time="0.0">
    <ignored/>
  </testcase> <!-- basketTest_DeleteFavoritesProductOfUser_IsEquals -->
</testsuite> <!-- Default test -->
